INFO: [VRFC 10-2263] Analyzing Verilog file "C:/Users/SIDNEY/Documents/Xilinx/DVI_HDMI/DVI_HDMI/DVI_HDMI.sim/sim_1/impl/timing/xsim/DVI_wrapper_time_impl.v" into library xil_defaultlib
INFO: [VRFC 10-311] analyzing module RAM32X1D_UNIQ_BASE_
INFO: [VRFC 10-311] analyzing module AXI_DDR_imp_1ST2XF9
INFO: [VRFC 10-311] analyzing module BLOCK_MEM_imp_U31K0U
INFO: [VRFC 10-311] analyzing module CLK_CTRL_imp_1UBDXL3
INFO: [VRFC 10-311] analyzing module DVI
INFO: [VRFC 10-311] analyzing module DVI_BLK_MEM_addres_gen_0_0
INFO: [VRFC 10-311] analyzing module DVI_BLK_MEM_addres_gen_0_0_BLK_MEM_addres_gen
INFO: [VRFC 10-311] analyzing module DVI_M_AXI_Lite_READ_0_3
INFO: [VRFC 10-311] analyzing module DVI_M_AXI_Lite_READ_0_3_M_AXI_Lite_READ
INFO: [VRFC 10-311] analyzing module DVI_TMDS_encoder_V2_0_0
INFO: [VRFC 10-311] analyzing module DVI_TMDS_encoder_V2_0_0_TMDS_encoder_V2
INFO: [VRFC 10-311] analyzing module DVI_TMDS_encoder_V2_1_0
INFO: [VRFC 10-311] analyzing module DVI_TMDS_encoder_V2_1_0_TMDS_encoder_V2
INFO: [VRFC 10-311] analyzing module DVI_TMDS_encoder_V2_2_0
INFO: [VRFC 10-311] analyzing module DVI_TMDS_encoder_V2_2_0_TMDS_encoder_V2
INFO: [VRFC 10-311] analyzing module DVI_auto_pc_0
INFO: [VRFC 10-311] analyzing module DVI_auto_pc_0__axi_data_fifo_v2_1_19_axic_fifo
INFO: [VRFC 10-311] analyzing module DVI_auto_pc_0__axi_data_fifo_v2_1_19_fifo_gen
INFO: [VRFC 10-311] analyzing module DVI_auto_pc_0__axi_protocol_converter_v2_1_20_a_axi3_conv
INFO: [VRFC 10-311] analyzing module DVI_auto_pc_0__axi_protocol_converter_v2_1_20_axi3_conv
INFO: [VRFC 10-311] analyzing module DVI_auto_pc_0__axi_protocol_converter_v2_1_20_axi_protocol_converter
INFO: [VRFC 10-311] analyzing module DVI_auto_pc_0__xpm_cdc_async_rst
INFO: [VRFC 10-311] analyzing module DVI_axi_mem_intercon_7
INFO: [VRFC 10-311] analyzing module DVI_blk_mem_gen_0_0
INFO: [VRFC 10-311] analyzing module DVI_clk_wiz_0_4
INFO: [VRFC 10-311] analyzing module DVI_clk_wiz_0_4__DVI_clk_wiz_0_4_clk_wiz
INFO: [VRFC 10-311] analyzing module DVI_clk_wiz_0_5
INFO: [VRFC 10-311] analyzing module DVI_clk_wiz_0_5__DVI_clk_wiz_0_5_clk_wiz
INFO: [VRFC 10-311] analyzing module DVI_input_block_0_0
INFO: [VRFC 10-311] analyzing module DVI_input_block_0_0_input_block
INFO: [VRFC 10-311] analyzing module DVI_line_addr_gen_0_0
INFO: [VRFC 10-311] analyzing module DVI_line_addr_gen_0_0_line_addr_gen
INFO: [VRFC 10-311] analyzing module DVI_processing_system7_0_0
INFO: [VRFC 10-311] analyzing module DVI_processing_system7_0_0_processing_system7_v5_5_processing_system7
INFO: [VRFC 10-311] analyzing module DVI_res_select_0_0
INFO: [VRFC 10-311] analyzing module DVI_res_select_0_0_clk_mux
INFO: [VRFC 10-311] analyzing module DVI_res_select_0_0_clk_mux_0
INFO: [VRFC 10-311] analyzing module DVI_res_select_0_0_res_select
INFO: [VRFC 10-311] analyzing module DVI_rst_ps7_0_100M_0
INFO: [VRFC 10-311] analyzing module DVI_rst_ps7_0_100M_0__cdc_sync
INFO: [VRFC 10-311] analyzing module DVI_rst_ps7_0_100M_0__cdc_sync_0
INFO: [VRFC 10-311] analyzing module DVI_rst_ps7_0_100M_0__lpf
INFO: [VRFC 10-311] analyzing module DVI_rst_ps7_0_100M_0__proc_sys_reset
INFO: [VRFC 10-311] analyzing module DVI_rst_ps7_0_100M_0__sequence_psr
INFO: [VRFC 10-311] analyzing module DVI_rst_ps7_0_100M_0__upcnt_n
INFO: [VRFC 10-311] analyzing module DVI_selectio_wiz_0_2
INFO: [VRFC 10-311] analyzing module DVI_selectio_wiz_0_2__DVI_selectio_wiz_0_2_selectio_wiz
INFO: [VRFC 10-311] analyzing module DVI_selectio_wiz_0_3
INFO: [VRFC 10-311] analyzing module DVI_selectio_wiz_0_3__DVI_selectio_wiz_0_3_selectio_wiz
INFO: [VRFC 10-311] analyzing module DVI_selectio_wiz_0_4
INFO: [VRFC 10-311] analyzing module DVI_selectio_wiz_0_4__DVI_selectio_wiz_0_4_selectio_wiz
INFO: [VRFC 10-311] analyzing module DVI_util_vector_logic_0_0
INFO: [VRFC 10-311] analyzing module DVI_util_vector_logic_0_1
INFO: [VRFC 10-311] analyzing module DVI_wrapper
INFO: [VRFC 10-311] analyzing module DVI_xlconstant_0_1
INFO: [VRFC 10-311] analyzing module DVI_xlconstant_1_0
INFO: [VRFC 10-311] analyzing module TMDS_imp_1HPHBY2
INFO: [VRFC 10-311] analyzing module s00_couplers_imp_1H22OAG
INFO: [VRFC 10-311] analyzing module DVI_auto_pc_0__dmem
INFO: [VRFC 10-311] analyzing module DVI_auto_pc_0__fifo_generator_ramfifo
INFO: [VRFC 10-311] analyzing module DVI_auto_pc_0__fifo_generator_top
INFO: [VRFC 10-311] analyzing module DVI_auto_pc_0__fifo_generator_v13_2_5
INFO: [VRFC 10-311] analyzing module DVI_auto_pc_0__fifo_generator_v13_2_5_synth
INFO: [VRFC 10-311] analyzing module DVI_auto_pc_0__memory
INFO: [VRFC 10-311] analyzing module DVI_auto_pc_0__rd_bin_cntr
INFO: [VRFC 10-311] analyzing module DVI_auto_pc_0__rd_fwft
INFO: [VRFC 10-311] analyzing module DVI_auto_pc_0__rd_logic
INFO: [VRFC 10-311] analyzing module DVI_auto_pc_0__rd_status_flags_ss
INFO: [VRFC 10-311] analyzing module DVI_auto_pc_0__reset_blk_ramfifo
INFO: [VRFC 10-311] analyzing module DVI_auto_pc_0__wr_bin_cntr
INFO: [VRFC 10-311] analyzing module DVI_auto_pc_0__wr_logic
INFO: [VRFC 10-311] analyzing module DVI_auto_pc_0__wr_status_flags_ss
INFO: [VRFC 10-311] analyzing module DVI_blk_mem_gen_0_0__blk_mem_gen_generic_cstr
INFO: [VRFC 10-311] analyzing module DVI_blk_mem_gen_0_0__blk_mem_gen_prim_width
INFO: [VRFC 10-311] analyzing module DVI_blk_mem_gen_0_0__blk_mem_gen_prim_wrapper
INFO: [VRFC 10-311] analyzing module DVI_blk_mem_gen_0_0__blk_mem_gen_top
INFO: [VRFC 10-311] analyzing module DVI_blk_mem_gen_0_0__blk_mem_gen_v8_4_4
INFO: [VRFC 10-311] analyzing module DVI_blk_mem_gen_0_0__blk_mem_gen_v8_4_4_synth
INFO: [VRFC 10-311] analyzing module glbl
