Copyright 1986-2019 Xilinx, Inc. All Rights Reserved.
-----------------------------------------------------------------------------------------
| Tool Version : Vivado v.2019.2 (win64) Build 2700185 Thu Oct 24 18:46:05 MDT 2019
| Date         : Wed Jan 15 19:11:04 2020
| Host         : SIDNEY-JOSE running 64-bit major release  (build 9200)
| Command      : report_clock_utilization -file DVI_wrapper_clock_utilization_routed.rpt
| Design       : DVI_wrapper
| Device       : 7z010-clg400
| Speed File   : -1  PRODUCTION 1.11 2014-09-11
| Design State : Routed
-----------------------------------------------------------------------------------------

Clock Utilization Report

Table of Contents
-----------------
1. Clock Primitive Utilization
2. Global Clock Resources
3. Global Clock Source Details
4. Clock Regions: Key Resource Utilization
5. Clock Regions : Global Clock Summary
6. Device Cell Placement Summary for Global Clock g0
7. Device Cell Placement Summary for Global Clock g1
8. Device Cell Placement Summary for Global Clock g2
9. Device Cell Placement Summary for Global Clock g3
10. Device Cell Placement Summary for Global Clock g4
11. Device Cell Placement Summary for Global Clock g5
12. Device Cell Placement Summary for Global Clock g6
13. Clock Region Cell Placement per Global Clock: Region X0Y0
14. Clock Region Cell Placement per Global Clock: Region X1Y0
15. Clock Region Cell Placement per Global Clock: Region X0Y1
16. Clock Region Cell Placement per Global Clock: Region X1Y1

1. Clock Primitive Utilization
------------------------------

+----------+------+-----------+-----+--------------+--------+
| Type     | Used | Available | LOC | Clock Region | Pblock |
+----------+------+-----------+-----+--------------+--------+
| BUFGCTRL |    7 |        32 |   0 |            0 |      0 |
| BUFH     |    0 |        48 |   0 |            0 |      0 |
| BUFIO    |    0 |         8 |   0 |            0 |      0 |
| BUFMR    |    0 |         4 |   0 |            0 |      0 |
| BUFR     |    0 |         8 |   0 |            0 |      0 |
| MMCM     |    0 |         2 |   0 |            0 |      0 |
| PLL      |    1 |         2 |   0 |            0 |      0 |
+----------+------+-----------+-----+--------------+--------+


2. Global Clock Resources
-------------------------

+-----------+-----------+-----------------+------------+----------------+--------------+-------------------+-------------+-----------------+--------------+--------------------------+---------------------------------------------------------------------+------------------------------------------------------+
| Global Id | Source Id | Driver Type/Pin | Constraint | Site           | Clock Region | Load Clock Region | Clock Loads | Non-Clock Loads | Clock Period | Clock                    | Driver Pin                                                          | Net                                                  |
+-----------+-----------+-----------------+------------+----------------+--------------+-------------------+-------------+-----------------+--------------+--------------------------+---------------------------------------------------------------------+------------------------------------------------------+
| g0        | src0      | BUFG/O          | None       | BUFGCTRL_X0Y7  | n/a          |                 2 |         270 |               0 |        3.968 | clk_out3_DVI_clk_wiz_0_5 | DVI_i/CTRL/clk_wiz_0/inst/clkout3_buf/O                             | DVI_i/CTRL/clk_wiz_0/inst/clk_out3                   |
| g1        | src1      | BUFGCTRL/O      | None       | BUFGCTRL_X0Y4  | n/a          |                 3 |         188 |               0 |       39.683 | clk_out1_DVI_clk_wiz_0_5 | DVI_i/CTRL/res_select_0/inst/P_CLK_MUX/BUFGMUX_inst/O               | DVI_i/CTRL/res_select_0/inst/P_CLK_MUX/PIX_CLK       |
| g2        | src2      | BUFG/O          | None       | BUFGCTRL_X0Y6  | n/a          |                 2 |          31 |              23 |              |                          | DVI_i/input_block_0/inst/v_h_sync[0]_BUFG_inst/O                    | DVI_i/input_block_0/inst/v_h_sync_BUFG[0]            |
| g3        | src3      | BUFGCTRL/O      | None       | BUFGCTRL_X0Y2  | n/a          |                 1 |           6 |               0 |        7.937 | clk_out2_DVI_clk_wiz_0_5 | DVI_i/CTRL/res_select_0/inst/P_CLK_X5_MUX/BUFGMUX_inst/O            | DVI_i/CTRL/res_select_0/inst/P_CLK_X5_MUX/PIX_CLK_X5 |
| g4        | src4      | BUFG/O          | None       | BUFGCTRL_X0Y15 | n/a          |                 2 |           2 |               0 |       10.000 | clk_fpga_0               | DVI_i/processing_system7_0/inst/buffer_fclk_clk_0.FCLK_CLK_0_BUFG/O | DVI_i/processing_system7_0/inst/FCLK_CLK0            |
| g5        | src0      | BUFG/O          | None       | BUFGCTRL_X0Y5  | n/a          |                 1 |           1 |               0 |       39.683 | clk_out1_DVI_clk_wiz_0_5 | DVI_i/CTRL/clk_wiz_0/inst/clkout1_buf/O                             | DVI_i/CTRL/clk_wiz_0/inst/clk_out1                   |
| g6        | src0      | BUFG/O          | None       | BUFGCTRL_X0Y3  | n/a          |                 1 |           1 |               0 |        7.937 | clk_out2_DVI_clk_wiz_0_5 | DVI_i/CTRL/clk_wiz_0/inst/clkout2_buf/O                             | DVI_i/CTRL/clk_wiz_0/inst/clk_out2                   |
+-----------+-----------+-----------------+------------+----------------+--------------+-------------------+-------------+-----------------+--------------+--------------------------+---------------------------------------------------------------------+------------------------------------------------------+
* Clock Loads column represents the clock pin loads (pin count)
** Non-Clock Loads column represents the non-clock pin loads (pin count)


3. Global Clock Source Details
------------------------------

+-----------+-----------+-------------------+------------+----------------+--------------+-------------+-----------------+---------------------+--------------------------+--------------------------------------------------+--------------------------------------------------------+
| Source Id | Global Id | Driver Type/Pin   | Constraint | Site           | Clock Region | Clock Loads | Non-Clock Loads | Source Clock Period | Source Clock             | Driver Pin                                       | Net                                                    |
+-----------+-----------+-------------------+------------+----------------+--------------+-------------+-----------------+---------------------+--------------------------+--------------------------------------------------+--------------------------------------------------------+
| src0      | g5        | PLLE2_ADV/CLKOUT0 | None       | PLLE2_ADV_X0Y0 | X1Y0         |           1 |               0 |              39.683 | clk_out1_DVI_clk_wiz_0_5 | DVI_i/CTRL/clk_wiz_0/inst/plle2_adv_inst/CLKOUT0 | DVI_i/CTRL/clk_wiz_0/inst/clk_out1_DVI_clk_wiz_0_5     |
| src0      | g6        | PLLE2_ADV/CLKOUT1 | None       | PLLE2_ADV_X0Y0 | X1Y0         |           1 |               0 |               7.937 | clk_out2_DVI_clk_wiz_0_5 | DVI_i/CTRL/clk_wiz_0/inst/plle2_adv_inst/CLKOUT1 | DVI_i/CTRL/clk_wiz_0/inst/clk_out2_DVI_clk_wiz_0_5     |
| src0      | g0        | PLLE2_ADV/CLKOUT2 | None       | PLLE2_ADV_X0Y0 | X1Y0         |           1 |               0 |               3.968 | clk_out3_DVI_clk_wiz_0_5 | DVI_i/CTRL/clk_wiz_0/inst/plle2_adv_inst/CLKOUT2 | DVI_i/CTRL/clk_wiz_0/inst/clk_out3_DVI_clk_wiz_0_5     |
| src1      | g1        | BUFG/O            | None       | BUFGCTRL_X0Y5  | n/a          |           1 |               0 |              39.683 | clk_out1_DVI_clk_wiz_0_5 | DVI_i/CTRL/clk_wiz_0/inst/clkout1_buf/O          | DVI_i/CTRL/clk_wiz_0/inst/clk_out1                     |
| src2      | g2        | FDRE/Q            | None       | SLICE_X23Y47   | X1Y0         |           1 |               0 |                     |                          | DVI_i/input_block_0/inst/h_sync_reg_reg/Q        | DVI_i/input_block_0/inst/v_h_sync[0]                   |
| src3      | g3        | BUFG/O            | None       | BUFGCTRL_X0Y3  | n/a          |           1 |               0 |               7.937 | clk_out2_DVI_clk_wiz_0_5 | DVI_i/CTRL/clk_wiz_0/inst/clkout2_buf/O          | DVI_i/CTRL/clk_wiz_0/inst/clk_out2                     |
| src4      | g4        | PS7/FCLKCLK[0]    | PS7_X0Y0   | PS7_X0Y0       | X0Y1         |           1 |               0 |              10.000 | clk_fpga_0               | DVI_i/processing_system7_0/inst/PS7_i/FCLKCLK[0] | DVI_i/processing_system7_0/inst/FCLK_CLK_unbuffered[0] |
+-----------+-----------+-------------------+------------+----------------+--------------+-------------+-----------------+---------------------+--------------------------+--------------------------------------------------+--------------------------------------------------------+
* Clock Loads column represents the clock pin loads (pin count)
** Non-Clock Loads column represents the non-clock pin loads (pin count)


4. Clock Regions: Key Resource Utilization
------------------------------------------

+-------------------+--------------+--------------+--------------+--------------+--------------+--------------+--------------+--------------+--------------+--------------+--------------+--------------+--------------+--------------+--------------+
|                   | Global Clock |     BUFRs    |    BUFMRs    |    BUFIOs    |     MMCM     |      PLL     |      GT      |      PCI     |    ILOGIC    |    OLOGIC    |      FF      |     LUTM     |    RAMB18    |    RAMB36    |    DSP48E2   |
+-------------------+------+-------+------+-------+------+-------+------+-------+------+-------+------+-------+------+-------+------+-------+------+-------+------+-------+------+-------+------+-------+------+-------+------+-------+------+-------+
| Clock Region Name | Used | Avail | Used | Avail | Used | Avail | Used | Avail | Used | Avail | Used | Avail | Used | Avail | Used | Avail | Used | Avail | Used | Avail | Used | Avail | Used | Avail | Used | Avail | Used | Avail | Used | Avail |
+-------------------+------+-------+------+-------+------+-------+------+-------+------+-------+------+-------+------+-------+------+-------+------+-------+------+-------+------+-------+------+-------+------+-------+------+-------+------+-------+
| X0Y0              |    3 |    12 |    0 |     0 |    0 |     0 |    0 |     0 |    0 |     0 |    0 |     0 |    0 |     0 |    0 |     0 |    0 |     0 |    0 |     0 |  342 |  1100 |  125 |   400 |    1 |    20 |    0 |    10 |    0 |    20 |
| X1Y0              |    2 |    12 |    0 |     4 |    0 |     2 |    0 |     4 |    0 |     1 |    1 |     1 |    0 |     0 |    0 |     0 |    0 |    50 |    0 |    50 |   19 |  1100 |    0 |   350 |    0 |    40 |    0 |    20 |    0 |    20 |
| X0Y1              |    2 |    12 |    0 |     0 |    0 |     0 |    0 |     0 |    0 |     0 |    0 |     0 |    0 |     0 |    0 |     0 |    0 |     0 |    0 |     0 |    0 |  1100 |    0 |   400 |    0 |    20 |    0 |    10 |    0 |    20 |
| X1Y1              |    3 |    12 |    0 |     4 |    0 |     2 |    0 |     4 |    0 |     1 |    0 |     1 |    0 |     0 |    0 |     0 |    0 |    50 |    7 |    50 |  111 |  1100 |   46 |   350 |    0 |    40 |    0 |    20 |    0 |    20 |
+-------------------+------+-------+------+-------+------+-------+------+-------+------+-------+------+-------+------+-------+------+-------+------+-------+------+-------+------+-------+------+-------+------+-------+------+-------+------+-------+
* Global Clock column represents track count; while other columns represents cell counts


5. Clock Regions : Global Clock Summary
---------------------------------------

All Modules
+----+----+----+
|    | X0 | X1 |
+----+----+----+
| Y1 |  2 |  3 |
| Y0 |  3 |  2 |
+----+----+----+


6. Device Cell Placement Summary for Global Clock g0
----------------------------------------------------

+-----------+-----------------+-------------------+--------------------------+-------------+---------------+-------------+----------+----------------+----------+------------------------------------+
| Global Id | Driver Type/Pin | Driver Region (D) | Clock                    | Period (ns) | Waveform (ns) | Slice Loads | IO Loads | Clocking Loads | GT Loads | Net                                |
+-----------+-----------------+-------------------+--------------------------+-------------+---------------+-------------+----------+----------------+----------+------------------------------------+
| g0        | BUFG/O          | n/a               | clk_out3_DVI_clk_wiz_0_5 |       3.968 | {0.000 1.984} |         269 |        0 |              0 |        0 | DVI_i/CTRL/clk_wiz_0/inst/clk_out3 |
+-----------+-----------------+-------------------+--------------------------+-------------+---------------+-------------+----------+----------------+----------+------------------------------------+
* Slice Loads column represents load cell count of all cell types other than IO, GT and clock resources
** IO Loads column represents load cell count of IO types
*** Clocking Loads column represents load cell count that are clock resources (global clock buffer, MMCM, PLL, etc)
**** GT Loads column represents load cell count of GT types


+----+------+----+
|    | X0   | X1 |
+----+------+----+
| Y1 |    1 |  0 |
| Y0 |  268 |  0 |
+----+------+----+


7. Device Cell Placement Summary for Global Clock g1
----------------------------------------------------

+-----------+-----------------+-------------------+--------------------------+-------------+----------------+-------------+----------+----------------+----------+------------------------------------------------+
| Global Id | Driver Type/Pin | Driver Region (D) | Clock                    | Period (ns) | Waveform (ns)  | Slice Loads | IO Loads | Clocking Loads | GT Loads | Net                                            |
+-----------+-----------------+-------------------+--------------------------+-------------+----------------+-------------+----------+----------------+----------+------------------------------------------------+
| g1        | BUFGCTRL/O      | n/a               | clk_out1_DVI_clk_wiz_0_5 |      39.683 | {0.000 19.841} |         180 |        7 |              0 |        0 | DVI_i/CTRL/res_select_0/inst/P_CLK_MUX/PIX_CLK |
+-----------+-----------------+-------------------+--------------------------+-------------+----------------+-------------+----------+----------------+----------+------------------------------------------------+
* Slice Loads column represents load cell count of all cell types other than IO, GT and clock resources
** IO Loads column represents load cell count of IO types
*** Clocking Loads column represents load cell count that are clock resources (global clock buffer, MMCM, PLL, etc)
**** GT Loads column represents load cell count of GT types


+----+-----+------+
|    | X0  | X1   |
+----+-----+------+
| Y1 |   0 |  118 |
| Y0 |  50 |   19 |
+----+-----+------+


8. Device Cell Placement Summary for Global Clock g2
----------------------------------------------------

+-----------+-----------------+-------------------+-------+-------------+---------------+-------------+----------+----------------+----------+-------------------------------------------+
| Global Id | Driver Type/Pin | Driver Region (D) | Clock | Period (ns) | Waveform (ns) | Slice Loads | IO Loads | Clocking Loads | GT Loads | Net                                       |
+-----------+-----------------+-------------------+-------+-------------+---------------+-------------+----------+----------------+----------+-------------------------------------------+
| g2        | BUFG/O          | n/a               |       |             |               |          54 |        0 |              0 |        0 | DVI_i/input_block_0/inst/v_h_sync_BUFG[0] |
+-----------+-----------------+-------------------+-------+-------------+---------------+-------------+----------+----------------+----------+-------------------------------------------+
* Slice Loads column represents load cell count of all cell types other than IO, GT and clock resources
** IO Loads column represents load cell count of IO types
*** Clocking Loads column represents load cell count that are clock resources (global clock buffer, MMCM, PLL, etc)
**** GT Loads column represents load cell count of GT types


+----+-----+-----+
|    | X0  | X1  |
+----+-----+-----+
| Y1 |   0 |  10 |
| Y0 |  44 |   0 |
+----+-----+-----+


9. Device Cell Placement Summary for Global Clock g3
----------------------------------------------------

+-----------+-----------------+-------------------+--------------------------+-------------+---------------+-------------+----------+----------------+----------+------------------------------------------------------+
| Global Id | Driver Type/Pin | Driver Region (D) | Clock                    | Period (ns) | Waveform (ns) | Slice Loads | IO Loads | Clocking Loads | GT Loads | Net                                                  |
+-----------+-----------------+-------------------+--------------------------+-------------+---------------+-------------+----------+----------------+----------+------------------------------------------------------+
| g3        | BUFGCTRL/O      | n/a               | clk_out2_DVI_clk_wiz_0_5 |       7.937 | {0.000 3.968} |           0 |        6 |              0 |        0 | DVI_i/CTRL/res_select_0/inst/P_CLK_X5_MUX/PIX_CLK_X5 |
+-----------+-----------------+-------------------+--------------------------+-------------+---------------+-------------+----------+----------------+----------+------------------------------------------------------+
* Slice Loads column represents load cell count of all cell types other than IO, GT and clock resources
** IO Loads column represents load cell count of IO types
*** Clocking Loads column represents load cell count that are clock resources (global clock buffer, MMCM, PLL, etc)
**** GT Loads column represents load cell count of GT types


+----+----+----+
|    | X0 | X1 |
+----+----+----+
| Y1 |  0 |  6 |
| Y0 |  0 |  0 |
+----+----+----+


10. Device Cell Placement Summary for Global Clock g4
-----------------------------------------------------

+-----------+-----------------+-------------------+------------+-------------+---------------+-------------+----------+----------------+----------+-------------------------------------------+
| Global Id | Driver Type/Pin | Driver Region (D) | Clock      | Period (ns) | Waveform (ns) | Slice Loads | IO Loads | Clocking Loads | GT Loads | Net                                       |
+-----------+-----------------+-------------------+------------+-------------+---------------+-------------+----------+----------------+----------+-------------------------------------------+
| g4        | BUFG/O          | n/a               | clk_fpga_0 |      10.000 | {0.000 5.000} |           1 |        0 |              1 |        0 | DVI_i/processing_system7_0/inst/FCLK_CLK0 |
+-----------+-----------------+-------------------+------------+-------------+---------------+-------------+----------+----------------+----------+-------------------------------------------+
* Slice Loads column represents load cell count of all cell types other than IO, GT and clock resources
** IO Loads column represents load cell count of IO types
*** Clocking Loads column represents load cell count that are clock resources (global clock buffer, MMCM, PLL, etc)
**** GT Loads column represents load cell count of GT types


+----+----+----+
|    | X0 | X1 |
+----+----+----+
| Y1 |  1 |  0 |
| Y0 |  0 |  1 |
+----+----+----+


11. Device Cell Placement Summary for Global Clock g5
-----------------------------------------------------

+-----------+-----------------+-------------------+--------------------------+-------------+----------------+-------------+----------+----------------+----------+------------------------------------+
| Global Id | Driver Type/Pin | Driver Region (D) | Clock                    | Period (ns) | Waveform (ns)  | Slice Loads | IO Loads | Clocking Loads | GT Loads | Net                                |
+-----------+-----------------+-------------------+--------------------------+-------------+----------------+-------------+----------+----------------+----------+------------------------------------+
| g5        | BUFG/O          | n/a               | clk_out1_DVI_clk_wiz_0_5 |      39.683 | {0.000 19.841} |           0 |        0 |              1 |        0 | DVI_i/CTRL/clk_wiz_0/inst/clk_out1 |
+-----------+-----------------+-------------------+--------------------------+-------------+----------------+-------------+----------+----------------+----------+------------------------------------+
* Slice Loads column represents load cell count of all cell types other than IO, GT and clock resources
** IO Loads column represents load cell count of IO types
*** Clocking Loads column represents load cell count that are clock resources (global clock buffer, MMCM, PLL, etc)
**** GT Loads column represents load cell count of GT types


+----+----+----+
|    | X0 | X1 |
+----+----+----+
| Y1 |  0 |  0 |
| Y0 |  0 |  0 |
+----+----+----+


12. Device Cell Placement Summary for Global Clock g6
-----------------------------------------------------

+-----------+-----------------+-------------------+--------------------------+-------------+---------------+-------------+----------+----------------+----------+------------------------------------+
| Global Id | Driver Type/Pin | Driver Region (D) | Clock                    | Period (ns) | Waveform (ns) | Slice Loads | IO Loads | Clocking Loads | GT Loads | Net                                |
+-----------+-----------------+-------------------+--------------------------+-------------+---------------+-------------+----------+----------------+----------+------------------------------------+
| g6        | BUFG/O          | n/a               | clk_out2_DVI_clk_wiz_0_5 |       7.937 | {0.000 3.968} |           0 |        0 |              1 |        0 | DVI_i/CTRL/clk_wiz_0/inst/clk_out2 |
+-----------+-----------------+-------------------+--------------------------+-------------+---------------+-------------+----------+----------------+----------+------------------------------------+
* Slice Loads column represents load cell count of all cell types other than IO, GT and clock resources
** IO Loads column represents load cell count of IO types
*** Clocking Loads column represents load cell count that are clock resources (global clock buffer, MMCM, PLL, etc)
**** GT Loads column represents load cell count of GT types


+----+----+----+
|    | X0 | X1 |
+----+----+----+
| Y1 |  0 |  0 |
| Y0 |  0 |  0 |
+----+----+----+


13. Clock Region Cell Placement per Global Clock: Region X0Y0
-------------------------------------------------------------

+-----------+-------+-----------------+------------+-------------+-----------------+-----+--------+------+-----+----+------+-----+---------+------------------------------------------------+
| Global Id | Track | Driver Type/Pin | Constraint | Clock Loads | Non-Clock Loads | FF  | LUTRAM | RAMB | DSP | GT | MMCM | PLL | Hard IP | Net                                            |
+-----------+-------+-----------------+------------+-------------+-----------------+-----+--------+------+-----+----+------+-----+---------+------------------------------------------------+
| g0        | n/a   | BUFG/O          | None       |         268 |               0 | 264 |      1 |    1 |   0 |  0 |    0 |   0 |       0 | DVI_i/CTRL/clk_wiz_0/inst/clk_out3             |
| g1        | n/a   | BUFGCTRL/O      | None       |          50 |               0 |  47 |      0 |    1 |   0 |  0 |    0 |   0 |       0 | DVI_i/CTRL/res_select_0/inst/P_CLK_MUX/PIX_CLK |
| g2        | n/a   | BUFG/O          | None       |          31 |              13 |  32 |      0 |    0 |   0 |  0 |    0 |   0 |       0 | DVI_i/input_block_0/inst/v_h_sync_BUFG[0]      |
+-----------+-------+-----------------+------------+-------------+-----------------+-----+--------+------+-----+----+------+-----+---------+------------------------------------------------+
* Clock Loads column represents the clock pin loads (pin count)
** Non-Clock Loads column represents the non-clock pin loads (pin count)
*** Columns FF, LUTRAM, RAMB through 'Hard IP' represents load cell counts


14. Clock Region Cell Placement per Global Clock: Region X1Y0
-------------------------------------------------------------

+-----------+-------+-----------------+------------+-------------+-----------------+----+--------+------+-----+----+------+-----+---------+------------------------------------------------+
| Global Id | Track | Driver Type/Pin | Constraint | Clock Loads | Non-Clock Loads | FF | LUTRAM | RAMB | DSP | GT | MMCM | PLL | Hard IP | Net                                            |
+-----------+-------+-----------------+------------+-------------+-----------------+----+--------+------+-----+----+------+-----+---------+------------------------------------------------+
| g1        | n/a   | BUFGCTRL/O      | None       |          19 |               0 | 19 |      0 |    0 |   0 |  0 |    0 |   0 |       0 | DVI_i/CTRL/res_select_0/inst/P_CLK_MUX/PIX_CLK |
| g4        | n/a   | BUFG/O          | None       |           1 |               0 |  0 |      0 |    0 |   0 |  0 |    0 |   1 |       0 | DVI_i/processing_system7_0/inst/FCLK_CLK0      |
+-----------+-------+-----------------+------------+-------------+-----------------+----+--------+------+-----+----+------+-----+---------+------------------------------------------------+
* Clock Loads column represents the clock pin loads (pin count)
** Non-Clock Loads column represents the non-clock pin loads (pin count)
*** Columns FF, LUTRAM, RAMB through 'Hard IP' represents load cell counts


15. Clock Region Cell Placement per Global Clock: Region X0Y1
-------------------------------------------------------------

+-----------+-------+-----------------+------------+-------------+-----------------+----+--------+------+-----+----+------+-----+---------+-------------------------------------------+
| Global Id | Track | Driver Type/Pin | Constraint | Clock Loads | Non-Clock Loads | FF | LUTRAM | RAMB | DSP | GT | MMCM | PLL | Hard IP | Net                                       |
+-----------+-------+-----------------+------------+-------------+-----------------+----+--------+------+-----+----+------+-----+---------+-------------------------------------------+
| g0        | n/a   | BUFG/O          | None       |           1 |               0 |  0 |      0 |    0 |   0 |  0 |    0 |   0 |       0 | DVI_i/CTRL/clk_wiz_0/inst/clk_out3        |
| g4        | n/a   | BUFG/O          | None       |           1 |               0 |  0 |      0 |    0 |   0 |  0 |    0 |   0 |       0 | DVI_i/processing_system7_0/inst/FCLK_CLK0 |
+-----------+-------+-----------------+------------+-------------+-----------------+----+--------+------+-----+----+------+-----+---------+-------------------------------------------+
* Clock Loads column represents the clock pin loads (pin count)
** Non-Clock Loads column represents the non-clock pin loads (pin count)
*** Columns FF, LUTRAM, RAMB through 'Hard IP' represents load cell counts


16. Clock Region Cell Placement per Global Clock: Region X1Y1
-------------------------------------------------------------

+-----------+-------+-----------------+------------+-------------+-----------------+-----+--------+------+-----+----+------+-----+---------+------------------------------------------------------+
| Global Id | Track | Driver Type/Pin | Constraint | Clock Loads | Non-Clock Loads | FF  | LUTRAM | RAMB | DSP | GT | MMCM | PLL | Hard IP | Net                                                  |
+-----------+-------+-----------------+------------+-------------+-----------------+-----+--------+------+-----+----+------+-----+---------+------------------------------------------------------+
| g1        | n/a   | BUFGCTRL/O      | None       |         118 |               0 | 111 |      0 |    0 |   0 |  0 |    0 |   0 |       0 | DVI_i/CTRL/res_select_0/inst/P_CLK_MUX/PIX_CLK       |
| g2        | n/a   | BUFG/O          | None       |           0 |              10 |   0 |      0 |    0 |   0 |  0 |    0 |   0 |       0 | DVI_i/input_block_0/inst/v_h_sync_BUFG[0]            |
| g3        | n/a   | BUFGCTRL/O      | None       |           6 |               0 |   0 |      0 |    0 |   0 |  0 |    0 |   0 |       0 | DVI_i/CTRL/res_select_0/inst/P_CLK_X5_MUX/PIX_CLK_X5 |
+-----------+-------+-----------------+------------+-------------+-----------------+-----+--------+------+-----+----+------+-----+---------+------------------------------------------------------+
* Clock Loads column represents the clock pin loads (pin count)
** Non-Clock Loads column represents the non-clock pin loads (pin count)
*** Columns FF, LUTRAM, RAMB through 'Hard IP' represents load cell counts



# Location of BUFG Primitives 
set_property LOC BUFGCTRL_X0Y15 [get_cells DVI_i/processing_system7_0/inst/buffer_fclk_clk_0.FCLK_CLK_0_BUFG]
set_property LOC BUFGCTRL_X0Y6 [get_cells DVI_i/input_block_0/inst/v_h_sync[0]_BUFG_inst]
set_property LOC BUFGCTRL_X0Y2 [get_cells DVI_i/CTRL/res_select_0/inst/P_CLK_X5_MUX/BUFGMUX_inst]
set_property LOC BUFGCTRL_X0Y4 [get_cells DVI_i/CTRL/res_select_0/inst/P_CLK_MUX/BUFGMUX_inst]
set_property LOC BUFGCTRL_X0Y7 [get_cells DVI_i/CTRL/clk_wiz_0/inst/clkout3_buf]
set_property LOC BUFGCTRL_X0Y3 [get_cells DVI_i/CTRL/clk_wiz_0/inst/clkout2_buf]
set_property LOC BUFGCTRL_X0Y5 [get_cells DVI_i/CTRL/clk_wiz_0/inst/clkout1_buf]

# Location of IO Primitives which is load of clock spine

# Location of clock ports

# Clock net "DVI_i/processing_system7_0/inst/FCLK_CLK0" driven by instance "DVI_i/processing_system7_0/inst/buffer_fclk_clk_0.FCLK_CLK_0_BUFG" located at site "BUFGCTRL_X0Y15"
#startgroup
create_pblock {CLKAG_DVI_i/processing_system7_0/inst/FCLK_CLK0}
add_cells_to_pblock [get_pblocks  {CLKAG_DVI_i/processing_system7_0/inst/FCLK_CLK0}] [get_cells -filter { PRIMITIVE_GROUP != I/O && IS_PRIMITIVE==1 && PRIMITIVE_LEVEL !=INTERNAL && NAME!=DVI_i/CTRL/clk_wiz_0/inst/plle2_adv_inst} -of_object [get_pins -filter {DIRECTION==IN} -of_objects [get_nets -hierarchical -filter {PARENT=="DVI_i/processing_system7_0/inst/FCLK_CLK0"}]]]
resize_pblock [get_pblocks {CLKAG_DVI_i/processing_system7_0/inst/FCLK_CLK0}] -add {CLOCKREGION_X0Y1:CLOCKREGION_X0Y1}
#endgroup

# Clock net "DVI_i/input_block_0/inst/v_h_sync_BUFG[0]" driven by instance "DVI_i/input_block_0/inst/v_h_sync[0]_BUFG_inst" located at site "BUFGCTRL_X0Y6"
#startgroup
create_pblock {CLKAG_DVI_i/input_block_0/inst/v_h_sync_BUFG[0]}
add_cells_to_pblock [get_pblocks  {CLKAG_DVI_i/input_block_0/inst/v_h_sync_BUFG[0]}] [get_cells -filter { PRIMITIVE_GROUP != I/O && IS_PRIMITIVE==1 && PRIMITIVE_LEVEL !=INTERNAL } -of_object [get_pins -filter {DIRECTION==IN} -of_objects [get_nets -hierarchical -filter {PARENT=="DVI_i/input_block_0/inst/v_h_sync_BUFG[0]"}]]]
resize_pblock [get_pblocks {CLKAG_DVI_i/input_block_0/inst/v_h_sync_BUFG[0]}] -add {CLOCKREGION_X0Y0:CLOCKREGION_X0Y0 CLOCKREGION_X1Y1:CLOCKREGION_X1Y1}
#endgroup

# Clock net "DVI_i/CTRL/res_select_0/inst/P_CLK_X5_MUX/PIX_CLK_X5" driven by instance "DVI_i/CTRL/res_select_0/inst/P_CLK_X5_MUX/BUFGMUX_inst" located at site "BUFGCTRL_X0Y2"
#startgroup
create_pblock {CLKAG_DVI_i/CTRL/res_select_0/inst/P_CLK_X5_MUX/PIX_CLK_X5}
add_cells_to_pblock [get_pblocks  {CLKAG_DVI_i/CTRL/res_select_0/inst/P_CLK_X5_MUX/PIX_CLK_X5}] [get_cells -filter { PRIMITIVE_GROUP != I/O && IS_PRIMITIVE==1 && PRIMITIVE_LEVEL !=INTERNAL } -of_object [get_pins -filter {DIRECTION==IN} -of_objects [get_nets -hierarchical -filter {PARENT=="DVI_i/CTRL/res_select_0/inst/P_CLK_X5_MUX/PIX_CLK_X5"}]]]
resize_pblock [get_pblocks {CLKAG_DVI_i/CTRL/res_select_0/inst/P_CLK_X5_MUX/PIX_CLK_X5}] -add {CLOCKREGION_X1Y1:CLOCKREGION_X1Y1}
#endgroup

# Clock net "DVI_i/CTRL/res_select_0/inst/P_CLK_MUX/PIX_CLK" driven by instance "DVI_i/CTRL/res_select_0/inst/P_CLK_MUX/BUFGMUX_inst" located at site "BUFGCTRL_X0Y4"
#startgroup
create_pblock {CLKAG_DVI_i/CTRL/res_select_0/inst/P_CLK_MUX/PIX_CLK}
add_cells_to_pblock [get_pblocks  {CLKAG_DVI_i/CTRL/res_select_0/inst/P_CLK_MUX/PIX_CLK}] [get_cells -filter { PRIMITIVE_GROUP != I/O && IS_PRIMITIVE==1 && PRIMITIVE_LEVEL !=INTERNAL } -of_object [get_pins -filter {DIRECTION==IN} -of_objects [get_nets -hierarchical -filter {PARENT=="DVI_i/CTRL/res_select_0/inst/P_CLK_MUX/PIX_CLK"}]]]
resize_pblock [get_pblocks {CLKAG_DVI_i/CTRL/res_select_0/inst/P_CLK_MUX/PIX_CLK}] -add {CLOCKREGION_X0Y0:CLOCKREGION_X0Y0 CLOCKREGION_X1Y0:CLOCKREGION_X1Y0 CLOCKREGION_X1Y1:CLOCKREGION_X1Y1}
#endgroup

# Clock net "DVI_i/CTRL/clk_wiz_0/inst/clk_out3" driven by instance "DVI_i/CTRL/clk_wiz_0/inst/clkout3_buf" located at site "BUFGCTRL_X0Y7"
#startgroup
create_pblock {CLKAG_DVI_i/CTRL/clk_wiz_0/inst/clk_out3}
add_cells_to_pblock [get_pblocks  {CLKAG_DVI_i/CTRL/clk_wiz_0/inst/clk_out3}] [get_cells -filter { PRIMITIVE_GROUP != I/O && IS_PRIMITIVE==1 && PRIMITIVE_LEVEL !=INTERNAL } -of_object [get_pins -filter {DIRECTION==IN} -of_objects [get_nets -hierarchical -filter {PARENT=="DVI_i/CTRL/clk_wiz_0/inst/clk_out3"}]]]
resize_pblock [get_pblocks {CLKAG_DVI_i/CTRL/clk_wiz_0/inst/clk_out3}] -add {CLOCKREGION_X0Y0:CLOCKREGION_X0Y0 CLOCKREGION_X0Y1:CLOCKREGION_X0Y1}
#endgroup
